\BOOKMARK [1][-]{section*.1}{\376\377\000I\000n\000t\000r\000o\000d\000u\000c\000t\000i\000o\000n}{}% 1
\BOOKMARK [1][-]{section*.3}{\376\377\000V\000e\000c\000t\000o\000r\000\040\000S\000p\000a\000c\000e\000s}{}% 2
\BOOKMARK [2][-]{section*.4}{\376\377\000V\000e\000c\000t\000o\000r\000\040\000S\000p\000a\000c\000e\000s\000\040\000a\000n\000d\000\040\000L\000i\000n\000e\000a\000r\000\040\000T\000r\000a\000n\000s\000f\000o\000r\000m\000a\000t\000i\000o\000n\000s}{section*.3}% 3
\BOOKMARK [2][-]{section*.13}{\376\377\000B\000a\000s\000e\000s\000\040\000a\000n\000d\000\040\000D\000i\000m\000e\000n\000s\000i\000o\000n}{section*.3}% 4
\BOOKMARK [2][-]{section*.14}{\376\377\000D\000i\000r\000e\000c\000t\000\040\000S\000u\000m\000s\000\040\000a\000n\000d\000\040\000Q\000u\000o\000t\000i\000e\000n\000t\000\040\000S\000p\000a\000c\000e\000s}{section*.3}% 5
\BOOKMARK [2][-]{section*.15}{\376\377\000D\000u\000a\000l\000\040\000S\000p\000a\000c\000e\000s}{section*.3}% 6
\BOOKMARK [1][-]{section*.16}{\376\377\000C\000h\000o\000o\000s\000i\000n\000g\000\040\000C\000o\000o\000r\000d\000i\000n\000a\000t\000e\000s}{}% 7
\BOOKMARK [2][-]{section*.17}{\376\377\000L\000i\000n\000e\000a\000r\000\040\000T\000r\000a\000n\000s\000f\000o\000r\000m\000a\000t\000i\000o\000n\000s\000\040\000a\000n\000d\000\040\000M\000a\000t\000r\000i\000c\000e\000s}{section*.16}% 8
\BOOKMARK [2][-]{section*.20}{\376\377\000R\000o\000w\000\040\000O\000p\000e\000r\000a\000t\000i\000o\000n\000s\000,\000\040\000C\000o\000l\000u\000m\000n\000\040\000S\000p\000a\000c\000e\000,\000\040\000a\000n\000d\000\040\000N\000u\000l\000l\000\040\000S\000p\000a\000c\000e}{section*.16}% 9
\BOOKMARK [2][-]{section*.27}{\376\377\000T\000r\000a\000n\000s\000p\000o\000s\000e\000\040\000o\000f\000\040\000a\000\040\000M\000a\000t\000r\000i\000x}{section*.16}% 10
\BOOKMARK [1][-]{section*.32}{\376\377\000G\000e\000n\000e\000r\000a\000l\000i\000z\000e\000d\000\040\000E\000i\000g\000e\000n\000v\000e\000c\000t\000o\000r\000s\000\040\000a\000n\000d\000\040\000J\000o\000r\000d\000a\000n\000\040\000C\000a\000n\000o\000n\000i\000c\000a\000l\000\040\000F\000o\000r\000m}{}% 11
\BOOKMARK [2][-]{section*.33}{\376\377\000E\000i\000g\000e\000n\000v\000a\000l\000u\000e\000s\000\040\000a\000n\000d\000\040\000E\000i\000g\000e\000n\000v\000e\000c\000t\000o\000r\000s}{section*.32}% 12
\BOOKMARK [2][-]{section*.34}{\376\377\000C\000h\000a\000r\000a\000c\000t\000e\000r\000i\000s\000t\000i\000c\000\040\000P\000o\000l\000y\000n\000o\000m\000i\000a\000l\000s\000\040\000a\000n\000d\000\040\000t\000h\000e\000\040\000C\000a\000y\000l\000e\000y\040\023\000H\000a\000m\000i\000l\000t\000o\000n\000\040\000T\000h\000e\000o\000r\000e\000m}{section*.32}% 13
\BOOKMARK [2][-]{section*.37}{\376\377\000J\000o\000r\000d\000a\000n\000\040\000C\000a\000n\000o\000n\000i\000c\000a\000l\000\040\000F\000o\000r\000m}{section*.32}% 14
\BOOKMARK [2][-]{section*.38}{\376\377\000D\000i\000a\000g\000o\000n\000a\000l\000i\000z\000a\000t\000i\000o\000n}{section*.32}% 15
\BOOKMARK [1][-]{section*.39}{\376\377\000T\000e\000n\000s\000o\000r\000\040\000P\000r\000o\000d\000u\000c\000t\000s\000\040\000a\000n\000d\000\040\000D\000e\000t\000e\000r\000m\000i\000n\000a\000n\000t\000s}{}% 16
\BOOKMARK [2][-]{section*.40}{\376\377\000E\000x\000t\000e\000n\000s\000i\000o\000n\000\040\000o\000f\000\040\000S\000c\000a\000l\000a\000r\000s}{section*.39}% 17
\BOOKMARK [2][-]{section*.41}{\376\377\000T\000e\000n\000s\000o\000r\000\040\000P\000r\000o\000d\000u\000c\000t\000s\000\040\000o\000f\000\040\000V\000e\000c\000t\000o\000r\000\040\000S\000p\000a\000c\000e\000s\000\040\000a\000n\000d\000\040\000t\000h\000e\000\040\000T\000r\000a\000c\000e}{section*.39}% 18
\BOOKMARK [2][-]{section*.42}{\376\377\000T\000e\000n\000s\000o\000r\000\040\000A\000l\000g\000e\000b\000r\000a\000s\000,\000\040\000E\000x\000t\000e\000r\000i\000o\000r\000\040\000A\000l\000g\000e\000b\000r\000a\000s\000,\000\040\000a\000n\000d\000\040\000t\000h\000e\000\040\000D\000e\000t\000e\000r\000m\000i\000n\000a\000n\000t}{section*.39}% 19
\BOOKMARK [1][-]{section*.49}{\376\377\000B\000i\000l\000i\000n\000e\000a\000r\000\040\000a\000n\000d\000\040\000S\000e\000s\000q\000u\000i\000l\000i\000n\000e\000a\000r\000\040\000F\000o\000r\000m\000s}{}% 20
\BOOKMARK [2][-]{section*.50}{\376\377\000B\000a\000s\000i\000c\000\040\000D\000e\000f\000i\000n\000i\000t\000i\000o\000n\000s\000\040\000a\000n\000d\000\040\000F\000a\000c\000t\000s}{section*.49}% 21
